<?xml version="1.0" encoding="UTF-8"?>
<testsuite name="ec.edu.espe.banquito.accounts.AccountsApplicationTests" tests="1" skipped="0" failures="0" errors="0" timestamp="2023-08-27T23:15:03" hostname="DELL_DSTB" time="0.364">
  <properties/>
  <testcase name="contextLoads()" classname="ec.edu.espe.banquito.accounts.AccountsApplicationTests" time="0.364"/>
  <system-out><![CDATA[18:14:51.938 [Test worker] DEBUG org.springframework.boot.test.context.SpringBootTestContextBootstrapper -- Neither @ContextConfiguration nor @ContextHierarchy found for test class [AccountsApplicationTests]: using SpringBootContextLoader
18:14:51.946 [Test worker] DEBUG org.springframework.test.context.support.AbstractContextLoader -- Could not detect default resource locations for test class [ec.edu.espe.banquito.accounts.AccountsApplicationTests]: no resource found for suffixes {-context.xml, Context.groovy}.
18:14:51.948 [Test worker] INFO org.springframework.test.context.support.AnnotationConfigContextLoaderUtils -- Could not detect default configuration classes for test class [ec.edu.espe.banquito.accounts.AccountsApplicationTests]: AccountsApplicationTests does not declare any static, non-private, non-final, nested classes annotated with @Configuration.
18:14:51.987 [Test worker] DEBUG org.springframework.boot.test.context.SpringBootTestContextBootstrapper -- Using ContextCustomizers for test class [AccountsApplicationTests]: [DisableObservabilityContextCustomizer, PropertyMappingContextCustomizer, Customizer, ExcludeFilterContextCustomizer, DuplicateJsonObjectContextCustomizer, MockitoContextCustomizer, TestRestTemplateContextCustomizer]
18:14:52.171 [Test worker] DEBUG org.springframework.context.annotation.ClassPathScanningCandidateComponentProvider -- Identified candidate component class: file [C:\Users\juanc\Documents\ARQ\accountsgradle\build\classes\java\main\ec\edu\espe\banquito\accounts\AccountsApplication.class]
18:14:52.175 [Test worker] INFO org.springframework.boot.test.context.SpringBootTestContextBootstrapper -- Found @SpringBootConfiguration ec.edu.espe.banquito.accounts.AccountsApplication for test class ec.edu.espe.banquito.accounts.AccountsApplicationTests
18:14:52.445 [Test worker] DEBUG org.springframework.test.context.util.TestContextSpringFactoriesUtils -- Skipping candidate TestExecutionListener [org.springframework.test.context.observation.MicrometerObservationRegistryTestExecutionListener] due to a missing dependency. Specify custom TestExecutionListener classes or make the default TestExecutionListener classes and their required dependencies available. Offending class: io.micrometer.context.ThreadLocalAccessor. MicrometerObservationRegistryTestExecutionListener requires io.micrometer:micrometer-observation:1.10.8 or higher and io.micrometer:context-propagation:1.0.3 or higher.
18:14:52.467 [Test worker] DEBUG org.springframework.boot.test.context.SpringBootTestContextBootstrapper -- Using TestExecutionListeners for test class [AccountsApplicationTests]: [ServletTestExecutionListener, DirtiesContextBeforeModesTestExecutionListener, ApplicationEventsTestExecutionListener, MockitoTestExecutionListener, DependencyInjectionTestExecutionListener, DirtiesContextTestExecutionListener, TransactionalTestExecutionListener, SqlScriptsTestExecutionListener, EventPublishingTestExecutionListener, RestDocsTestExecutionListener, MockRestServiceServerResetTestExecutionListener, MockMvcPrintOnlyOnFailureTestExecutionListener, WebDriverTestExecutionListener, MockWebServiceServerTestExecutionListener, ResetMocksTestExecutionListener]
18:14:52.469 [Test worker] DEBUG org.springframework.test.context.support.DirtiesContextBeforeModesTestExecutionListener -- Before test class: class [AccountsApplicationTests], class annotated with @DirtiesContext [false] with mode [null]

  .   ____          _            __ _ _
 /\\ / ___'_ __ _ _(_)_ __  __ _ \ \ \ \
( ( )\___ | '_ | '_| | '_ \/ _` | \ \ \ \
 \\/  ___)| |_)| | | | | || (_| |  ) ) ) )
  '  |____| .__|_| |_|_| |_\__, | / / / /
 =========|_|==============|___/=/_/_/_/
 :: Spring Boot ::                (v3.0.9)

2023-08-27T18:14:53.060-05:00  INFO 13992 --- [    Test worker] e.e.e.b.a.AccountsApplicationTests       : Starting AccountsApplicationTests using Java 17.0.8 with PID 13992 (started by juanc in C:\Users\juanc\Documents\ARQ\accountsgradle)
2023-08-27T18:14:53.062-05:00  INFO 13992 --- [    Test worker] e.e.e.b.a.AccountsApplicationTests       : No active profile set, falling back to 1 default profile: "default"
2023-08-27T18:14:54.705-05:00  INFO 13992 --- [    Test worker] .s.d.r.c.RepositoryConfigurationDelegate : Bootstrapping Spring Data JPA repositories in DEFAULT mode.
2023-08-27T18:14:54.880-05:00  INFO 13992 --- [    Test worker] .s.d.r.c.RepositoryConfigurationDelegate : Finished Spring Data repository scanning in 152 ms. Found 5 JPA repository interfaces.
2023-08-27T18:14:55.847-05:00  INFO 13992 --- [    Test worker] com.zaxxer.hikari.HikariDataSource       : HikariPool-1 - Starting...
2023-08-27T18:14:57.305-05:00  INFO 13992 --- [    Test worker] com.zaxxer.hikari.pool.HikariPool        : HikariPool-1 - Added connection org.postgresql.jdbc.PgConnection@4962b41e
2023-08-27T18:14:57.308-05:00  INFO 13992 --- [    Test worker] com.zaxxer.hikari.HikariDataSource       : HikariPool-1 - Start completed.
2023-08-27T18:14:57.422-05:00  INFO 13992 --- [    Test worker] o.hibernate.jpa.internal.util.LogHelper  : HHH000204: Processing PersistenceUnitInfo [name: default]
2023-08-27T18:14:57.613-05:00  INFO 13992 --- [    Test worker] org.hibernate.Version                    : HHH000412: Hibernate ORM core version 6.1.7.Final
2023-08-27T18:14:58.392-05:00  INFO 13992 --- [    Test worker] SQL dialect                              : HHH000400: Using dialect: org.hibernate.dialect.PostgreSQL95Dialect
2023-08-27T18:14:58.396-05:00  WARN 13992 --- [    Test worker] org.hibernate.orm.deprecation            : HHH90000026: PostgreSQL95Dialect has been deprecated; use org.hibernate.dialect.PostgreSQLDialect instead
2023-08-27T18:15:00.319-05:00  INFO 13992 --- [    Test worker] o.h.e.t.j.p.i.JtaPlatformInitiator       : HHH000490: Using JtaPlatform implementation: [org.hibernate.engine.transaction.jta.platform.internal.NoJtaPlatform]
2023-08-27T18:15:00.338-05:00  INFO 13992 --- [    Test worker] j.LocalContainerEntityManagerFactoryBean : Initialized JPA EntityManagerFactory for persistence unit 'default'
2023-08-27T18:15:02.318-05:00  WARN 13992 --- [    Test worker] JpaBaseConfiguration$JpaWebConfiguration : spring.jpa.open-in-view is enabled by default. Therefore, database queries may be performed during view rendering. Explicitly configure spring.jpa.open-in-view to disable this warning
2023-08-27T18:15:03.186-05:00  INFO 13992 --- [    Test worker] e.e.e.b.a.AccountsApplicationTests       : Started AccountsApplicationTests in 10.608 seconds (process running for 12.96)
]]></system-out>
  <system-err><![CDATA[]]></system-err>
</testsuite>
