<?xml version="1.0" encoding="UTF-8"?>
<testsuite name="ec.edu.espe.banquito.accounts.AccountsApplicationTests" tests="1" skipped="0" failures="0" errors="0" timestamp="2023-08-27T21:37:38" hostname="DELL_DSTB" time="0.48">
  <properties/>
  <testcase name="contextLoads()" classname="ec.edu.espe.banquito.accounts.AccountsApplicationTests" time="0.48"/>
  <system-out><![CDATA[16:37:22.499 [Test worker] DEBUG org.springframework.boot.test.context.SpringBootTestContextBootstrapper -- Neither @ContextConfiguration nor @ContextHierarchy found for test class [AccountsApplicationTests]: using SpringBootContextLoader
16:37:22.506 [Test worker] DEBUG org.springframework.test.context.support.AbstractContextLoader -- Could not detect default resource locations for test class [ec.edu.espe.banquito.accounts.AccountsApplicationTests]: no resource found for suffixes {-context.xml, Context.groovy}.
16:37:22.508 [Test worker] INFO org.springframework.test.context.support.AnnotationConfigContextLoaderUtils -- Could not detect default configuration classes for test class [ec.edu.espe.banquito.accounts.AccountsApplicationTests]: AccountsApplicationTests does not declare any static, non-private, non-final, nested classes annotated with @Configuration.
16:37:22.540 [Test worker] DEBUG org.springframework.boot.test.context.SpringBootTestContextBootstrapper -- Using ContextCustomizers for test class [AccountsApplicationTests]: [DisableObservabilityContextCustomizer, PropertyMappingContextCustomizer, Customizer, ExcludeFilterContextCustomizer, DuplicateJsonObjectContextCustomizer, MockitoContextCustomizer, TestRestTemplateContextCustomizer]
16:37:22.746 [Test worker] DEBUG org.springframework.context.annotation.ClassPathScanningCandidateComponentProvider -- Identified candidate component class: file [C:\Users\juanc\Documents\ARQ\accountsgradle\build\classes\java\main\ec\edu\espe\banquito\accounts\AccountsApplication.class]
16:37:22.751 [Test worker] INFO org.springframework.boot.test.context.SpringBootTestContextBootstrapper -- Found @SpringBootConfiguration ec.edu.espe.banquito.accounts.AccountsApplication for test class ec.edu.espe.banquito.accounts.AccountsApplicationTests
16:37:23.063 [Test worker] DEBUG org.springframework.test.context.util.TestContextSpringFactoriesUtils -- Skipping candidate TestExecutionListener [org.springframework.test.context.observation.MicrometerObservationRegistryTestExecutionListener] due to a missing dependency. Specify custom TestExecutionListener classes or make the default TestExecutionListener classes and their required dependencies available. Offending class: io.micrometer.context.ThreadLocalAccessor. MicrometerObservationRegistryTestExecutionListener requires io.micrometer:micrometer-observation:1.10.8 or higher and io.micrometer:context-propagation:1.0.3 or higher.
16:37:23.081 [Test worker] DEBUG org.springframework.boot.test.context.SpringBootTestContextBootstrapper -- Using TestExecutionListeners for test class [AccountsApplicationTests]: [ServletTestExecutionListener, DirtiesContextBeforeModesTestExecutionListener, ApplicationEventsTestExecutionListener, MockitoTestExecutionListener, DependencyInjectionTestExecutionListener, DirtiesContextTestExecutionListener, TransactionalTestExecutionListener, SqlScriptsTestExecutionListener, EventPublishingTestExecutionListener, RestDocsTestExecutionListener, MockRestServiceServerResetTestExecutionListener, MockMvcPrintOnlyOnFailureTestExecutionListener, WebDriverTestExecutionListener, MockWebServiceServerTestExecutionListener, ResetMocksTestExecutionListener]
16:37:23.084 [Test worker] DEBUG org.springframework.test.context.support.DirtiesContextBeforeModesTestExecutionListener -- Before test class: class [AccountsApplicationTests], class annotated with @DirtiesContext [false] with mode [null]

  .   ____          _            __ _ _
 /\\ / ___'_ __ _ _(_)_ __  __ _ \ \ \ \
( ( )\___ | '_ | '_| | '_ \/ _` | \ \ \ \
 \\/  ___)| |_)| | | | | || (_| |  ) ) ) )
  '  |____| .__|_| |_|_| |_\__, | / / / /
 =========|_|==============|___/=/_/_/_/
 :: Spring Boot ::                (v3.0.9)

2023-08-27T16:37:23.644-05:00  INFO 15672 --- [    Test worker] e.e.e.b.a.AccountsApplicationTests       : Starting AccountsApplicationTests using Java 17.0.8 with PID 15672 (started by juanc in C:\Users\juanc\Documents\ARQ\accountsgradle)
2023-08-27T16:37:23.647-05:00  INFO 15672 --- [    Test worker] e.e.e.b.a.AccountsApplicationTests       : No active profile set, falling back to 1 default profile: "default"
2023-08-27T16:37:25.232-05:00  INFO 15672 --- [    Test worker] .s.d.r.c.RepositoryConfigurationDelegate : Bootstrapping Spring Data JPA repositories in DEFAULT mode.
2023-08-27T16:37:25.421-05:00  INFO 15672 --- [    Test worker] .s.d.r.c.RepositoryConfigurationDelegate : Finished Spring Data repository scanning in 156 ms. Found 5 JPA repository interfaces.
2023-08-27T16:37:26.300-05:00  INFO 15672 --- [    Test worker] com.zaxxer.hikari.HikariDataSource       : HikariPool-1 - Starting...
2023-08-27T16:37:27.854-05:00  INFO 15672 --- [    Test worker] com.zaxxer.hikari.pool.HikariPool        : HikariPool-1 - Added connection org.postgresql.jdbc.PgConnection@44598ef7
2023-08-27T16:37:27.858-05:00  INFO 15672 --- [    Test worker] com.zaxxer.hikari.HikariDataSource       : HikariPool-1 - Start completed.
2023-08-27T16:37:28.006-05:00  INFO 15672 --- [    Test worker] o.hibernate.jpa.internal.util.LogHelper  : HHH000204: Processing PersistenceUnitInfo [name: default]
2023-08-27T16:37:28.203-05:00  INFO 15672 --- [    Test worker] org.hibernate.Version                    : HHH000412: Hibernate ORM core version 6.1.7.Final
2023-08-27T16:37:29.829-05:00  INFO 15672 --- [    Test worker] SQL dialect                              : HHH000400: Using dialect: org.hibernate.dialect.PostgreSQL95Dialect
2023-08-27T16:37:29.833-05:00  WARN 15672 --- [    Test worker] org.hibernate.orm.deprecation            : HHH90000026: PostgreSQL95Dialect has been deprecated; use org.hibernate.dialect.PostgreSQLDialect instead
2023-08-27T16:37:33.435-05:00  INFO 15672 --- [    Test worker] o.h.e.t.j.p.i.JtaPlatformInitiator       : HHH000490: Using JtaPlatform implementation: [org.hibernate.engine.transaction.jta.platform.internal.NoJtaPlatform]
2023-08-27T16:37:33.463-05:00  INFO 15672 --- [    Test worker] j.LocalContainerEntityManagerFactoryBean : Initialized JPA EntityManagerFactory for persistence unit 'default'
2023-08-27T16:37:36.556-05:00  WARN 15672 --- [    Test worker] JpaBaseConfiguration$JpaWebConfiguration : spring.jpa.open-in-view is enabled by default. Therefore, database queries may be performed during view rendering. Explicitly configure spring.jpa.open-in-view to disable this warning
2023-08-27T16:37:38.296-05:00  INFO 15672 --- [    Test worker] e.e.e.b.a.AccountsApplicationTests       : Started AccountsApplicationTests in 15.131 seconds (process running for 17.471)
]]></system-out>
  <system-err><![CDATA[]]></system-err>
</testsuite>
